2025-10-02T08:59:55.979+09:00  INFO 12220 --- [restartedMain] com.kone.kitms.KitmsApp                  : Starting KitmsApp using Java 17.0.12 with PID 12220 (D:\work\kcms_default\target\classes started by dryla in D:\work\kcms_default) 
2025-10-02T08:59:56.008+09:00  INFO 12220 --- [restartedMain] com.kone.kitms.KitmsApp                  : The following 2 profiles are active: "dev", "api-docs" 
2025-10-02T09:00:27.837+09:00  INFO 12220 --- [restartedMain] com.kone.kitms.config.WebConfigurer      : Web application configuration, using profiles: dev 
2025-10-02T09:00:28.461+09:00  INFO 12220 --- [restartedMain] com.kone.kitms.config.WebConfigurer      : Web application fully configured 
2025-10-02T09:00:33.844+09:00  WARN 12220 --- [kitms-task-1] t.j.c.liquibase.AsyncSpringLiquibase     : Starting Liquibase asynchronously, your database might not be ready at startup! 
2025-10-02T09:00:34.021+09:00  INFO 12220 --- [kitms-task-1] liquibase.integration                    : Liquibase did not run because 'shouldRun' property was set to false on liquibase Liquibase Spring bean. 
2025-10-02T09:00:37.996+09:00  WARN 12220 --- [restartedMain] org.hibernate.orm.incubating             : HHH90006001: Encountered incubating setting [hibernate.type.preferred_instant_jdbc_type].  See javadoc on corresponding `org.hibernate.cfg.AvailableSettings` constant for details. 
2025-10-02T09:00:38.378+09:00  WARN 12220 --- [restartedMain] org.hibernate.orm.incubating             : HHH90006001: Encountered incubating setting [hibernate.type.preferred_instant_jdbc_type].  See javadoc on corresponding `org.hibernate.cfg.AvailableSettings` constant for details. 
2025-10-02T09:00:40.650+09:00  WARN 12220 --- [restartedMain] ConfigServletWebServerApplicationContext : Exception encountered during context initialization - cancelling refresh attempt: org.springframework.beans.factory.UnsatisfiedDependencyException: Error creating bean with name 'tokenAspect' defined in file [D:\work\kcms_default\target\classes\com\kone\kitms\aop\logging\TokenAspect.class]: Unsatisfied dependency expressed through constructor parameter 1: Error creating bean with name 'kitmsLoginService': Lookup method resolution failed 
2025-10-02T09:00:40.941+09:00  INFO 12220 --- [restartedMain] .s.b.a.l.ConditionEvaluationReportLogger : 

Error starting ApplicationContext. To display the condition evaluation report re-run your application with 'debug' enabled. 
2025-10-02T09:00:41.093+09:00 ERROR 12220 --- [restartedMain] o.s.boot.SpringApplication               : Application run failed 

org.springframework.beans.factory.UnsatisfiedDependencyException: Error creating bean with name 'tokenAspect' defined in file [D:\work\kcms_default\target\classes\com\kone\kitms\aop\logging\TokenAspect.class]: Unsatisfied dependency expressed through constructor parameter 1: Error creating bean with name 'kitmsLoginService': Lookup method resolution failed
	at org.springframework.beans.factory.support.ConstructorResolver.createArgumentArray(ConstructorResolver.java:802)
	at org.springframework.beans.factory.support.ConstructorResolver.autowireConstructor(ConstructorResolver.java:241)
	at org.springframework.beans.factory.support.AbstractAutowireCapableBeanFactory.autowireConstructor(AbstractAutowireCapableBeanFactory.java:1356)
	at org.springframework.beans.factory.support.AbstractAutowireCapableBeanFactory.createBeanInstance(AbstractAutowireCapableBeanFactory.java:1193)
	at org.springframework.beans.factory.support.AbstractAutowireCapableBeanFactory.doCreateBean(AbstractAutowireCapableBeanFactory.java:563)
	at org.springframework.beans.factory.support.AbstractAutowireCapableBeanFactory.createBean(AbstractAutowireCapableBeanFactory.java:523)
	at org.springframework.beans.factory.support.AbstractBeanFactory.lambda$doGetBean$0(AbstractBeanFactory.java:325)
	at org.springframework.beans.factory.support.DefaultSingletonBeanRegistry.getSingleton(DefaultSingletonBeanRegistry.java:234)
	at org.springframework.beans.factory.support.AbstractBeanFactory.doGetBean(AbstractBeanFactory.java:323)
	at org.springframework.beans.factory.support.AbstractBeanFactory.getBean(AbstractBeanFactory.java:199)
	at org.springframework.beans.factory.support.DefaultListableBeanFactory.preInstantiateSingletons(DefaultListableBeanFactory.java:973)
	at org.springframework.context.support.AbstractApplicationContext.finishBeanFactoryInitialization(AbstractApplicationContext.java:946)
	at org.springframework.context.support.AbstractApplicationContext.refresh(AbstractApplicationContext.java:616)
	at org.springframework.boot.web.servlet.context.ServletWebServerApplicationContext.refresh(ServletWebServerApplicationContext.java:146)
	at org.springframework.boot.SpringApplication.refresh(SpringApplication.java:753)
	at org.springframework.boot.SpringApplication.refreshContext(SpringApplication.java:455)
	at org.springframework.boot.SpringApplication.run(SpringApplication.java:323)
	at com.kone.kitms.KitmsApp.main(KitmsApp.java:100)
	at java.base/jdk.internal.reflect.NativeMethodAccessorImpl.invoke0(Native Method)
	at java.base/jdk.internal.reflect.NativeMethodAccessorImpl.invoke(NativeMethodAccessorImpl.java:77)
	at java.base/jdk.internal.reflect.DelegatingMethodAccessorImpl.invoke(DelegatingMethodAccessorImpl.java:43)
	at java.base/java.lang.reflect.Method.invoke(Method.java:568)
	at org.springframework.boot.devtools.restart.RestartLauncher.run(RestartLauncher.java:50)
Caused by: org.springframework.beans.factory.BeanCreationException: Error creating bean with name 'kitmsLoginService': Lookup method resolution failed
	at org.springframework.beans.factory.annotation.AutowiredAnnotationBeanPostProcessor.checkLookupMethods(AutowiredAnnotationBeanPostProcessor.java:482)
	at org.springframework.beans.factory.annotation.AutowiredAnnotationBeanPostProcessor.determineCandidateConstructors(AutowiredAnnotationBeanPostProcessor.java:352)
	at org.springframework.beans.factory.support.AbstractAutowireCapableBeanFactory.determineConstructorsFromBeanPostProcessors(AbstractAutowireCapableBeanFactory.java:1295)
	at org.springframework.beans.factory.support.AbstractAutowireCapableBeanFactory.createBeanInstance(AbstractAutowireCapableBeanFactory.java:1190)
	at org.springframework.beans.factory.support.AbstractAutowireCapableBeanFactory.doCreateBean(AbstractAutowireCapableBeanFactory.java:563)
	at org.springframework.beans.factory.support.AbstractAutowireCapableBeanFactory.createBean(AbstractAutowireCapableBeanFactory.java:523)
	at org.springframework.beans.factory.support.AbstractBeanFactory.lambda$doGetBean$0(AbstractBeanFactory.java:325)
	at org.springframework.beans.factory.support.DefaultSingletonBeanRegistry.getSingleton(DefaultSingletonBeanRegistry.java:234)
	at org.springframework.beans.factory.support.AbstractBeanFactory.doGetBean(AbstractBeanFactory.java:323)
	at org.springframework.beans.factory.support.AbstractBeanFactory.getBean(AbstractBeanFactory.java:199)
	at org.springframework.beans.factory.config.DependencyDescriptor.resolveCandidate(DependencyDescriptor.java:254)
	at org.springframework.beans.factory.support.DefaultListableBeanFactory.doResolveDependency(DefaultListableBeanFactory.java:1441)
	at org.springframework.beans.factory.support.DefaultListableBeanFactory.resolveDependency(DefaultListableBeanFactory.java:1348)
	at org.springframework.beans.factory.support.ConstructorResolver.resolveAutowiredArgument(ConstructorResolver.java:911)
	at org.springframework.beans.factory.support.ConstructorResolver.createArgumentArray(ConstructorResolver.java:789)
	... 22 common frames omitted
Caused by: java.lang.IllegalStateException: Failed to introspect Class [com.kone.kitms.service.KitmsLoginService] from ClassLoader [org.springframework.boot.devtools.restart.classloader.RestartClassLoader@52900a4]
	at org.springframework.util.ReflectionUtils.getDeclaredMethods(ReflectionUtils.java:483)
	at org.springframework.util.ReflectionUtils.doWithLocalMethods(ReflectionUtils.java:320)
	at org.springframework.beans.factory.annotation.AutowiredAnnotationBeanPostProcessor.checkLookupMethods(AutowiredAnnotationBeanPostProcessor.java:460)
	... 36 common frames omitted
Caused by: java.lang.NoClassDefFoundError: com/kone/kitms/mybatis/vo/KitmsTokenUserVO
	at java.base/java.lang.Class.getDeclaredMethods0(Native Method)
	at java.base/java.lang.Class.privateGetDeclaredMethods(Class.java:3402)
	at java.base/java.lang.Class.getDeclaredMethods(Class.java:2504)
	at org.springframework.util.ReflectionUtils.getDeclaredMethods(ReflectionUtils.java:465)
	... 38 common frames omitted
Caused by: java.lang.ClassNotFoundException: com.kone.kitms.mybatis.vo.KitmsTokenUserVO
	at java.base/jdk.internal.loader.BuiltinClassLoader.loadClass(BuiltinClassLoader.java:641)
	at java.base/jdk.internal.loader.ClassLoaders$AppClassLoader.loadClass(ClassLoaders.java:188)
	at java.base/java.lang.ClassLoader.loadClass(ClassLoader.java:525)
	at java.base/java.lang.Class.forName0(Native Method)
	at java.base/java.lang.Class.forName(Class.java:467)
	at org.springframework.boot.devtools.restart.classloader.RestartClassLoader.loadClass(RestartClassLoader.java:121)
	at java.base/java.lang.ClassLoader.loadClass(ClassLoader.java:525)
	... 42 common frames omitted

2025-10-02T09:05:06.169+09:00  INFO 16452 --- [restartedMain] com.kone.kitms.KitmsApp                  : Starting KitmsApp using Java 17.0.12 with PID 16452 (D:\work\kcms_default\target\classes started by dryla in D:\work\kcms_default) 
2025-10-02T09:05:06.175+09:00  INFO 16452 --- [restartedMain] com.kone.kitms.KitmsApp                  : The following 2 profiles are active: "dev", "api-docs" 
2025-10-02T09:05:24.985+09:00  INFO 16452 --- [restartedMain] com.kone.kitms.config.WebConfigurer      : Web application configuration, using profiles: dev 
2025-10-02T09:05:24.985+09:00  INFO 16452 --- [restartedMain] com.kone.kitms.config.WebConfigurer      : Web application fully configured 
2025-10-02T09:05:26.958+09:00  WARN 16452 --- [kitms-task-1] t.j.c.liquibase.AsyncSpringLiquibase     : Starting Liquibase asynchronously, your database might not be ready at startup! 
2025-10-02T09:05:26.998+09:00  INFO 16452 --- [kitms-task-1] liquibase.integration                    : Liquibase did not run because 'shouldRun' property was set to false on liquibase Liquibase Spring bean. 
2025-10-02T09:05:29.978+09:00  WARN 16452 --- [restartedMain] org.hibernate.orm.incubating             : HHH90006001: Encountered incubating setting [hibernate.type.preferred_instant_jdbc_type].  See javadoc on corresponding `org.hibernate.cfg.AvailableSettings` constant for details. 
2025-10-02T09:05:31.185+09:00  WARN 16452 --- [restartedMain] org.hibernate.orm.incubating             : HHH90006001: Encountered incubating setting [hibernate.type.preferred_instant_jdbc_type].  See javadoc on corresponding `org.hibernate.cfg.AvailableSettings` constant for details. 
2025-10-02T09:06:03.499+09:00  INFO 16452 --- [restartedMain] org.jboss.threads                        : JBoss Threads version 3.5.0.Final 
2025-10-02T09:06:03.872+09:00  INFO 16452 --- [restartedMain] com.kone.kitms.KitmsApp                  : Started KitmsApp in 60.999 seconds (process running for 65.16) 
2025-10-02T09:06:04.137+09:00  INFO 16452 --- [restartedMain] com.kone.kitms.KitmsApp                  : 
----------------------------------------------------------
	Application 'kitms' is running! Access URLs:
	Local: 		http://localhost:8080/
	External: 	http://192.168.0.13:8080/
	Profile(s): 	[dev, api-docs]
---------------------------------------------------------- 
2025-10-02T09:11:05.926+09:00  WARN 16452 --- [XNIO-1 task-2] o.s.w.s.h.HandlerMappingIntrospector     : Cache miss for FORWARD dispatch to '/main.html' (previous null). Performing MatchableHandlerMapping lookup. This is logged once only at WARN level, and every time at TRACE. 
